<?xml version="1.0" encoding="UTF-8"?>
<testng-results ignored="0" total="1" passed="1" failed="0" skipped="0">
  <reporter-output>
  </reporter-output>
  <suite started-at="2024-11-05T17:03:31 IST" name="Default suite" finished-at="2024-11-05T17:03:31 IST" duration-ms="50">
    <groups>
    </groups>
    <test started-at="2024-11-05T17:03:31 IST" name="Default test" finished-at="2024-11-05T17:03:31 IST" duration-ms="50">
      <class name="com.demoTest.DemoTest1">
        <test-method signature="demm()[pri:0, instance:com.demoTest.DemoTest1@942a29c]" started-at="2024-11-05T17:03:31 IST" name="demm" finished-at="2024-11-05T17:03:31 IST" duration-ms="15" status="PASS">
          <reporter-output>
          </reporter-output>
        </test-method> <!-- demm -->
      </class> <!-- com.demoTest.DemoTest1 -->
    </test> <!-- Default test -->
  </suite> <!-- Default suite -->
</testng-results>
